<?xml version="1.0" encoding="UTF-8"?>
<testng-results ignored="0" total="0" passed="0" failed="0" skipped="0">
  <reporter-output>
  </reporter-output>
  <suite started-at="2021-04-07T21:53:55 IST" name="Test Suite" finished-at="2021-04-07T21:53:55 IST" duration-ms="228">
    <groups>
      <group name="cucumber">
        <method signature="AbstractTestNGCucumberTests.runScenario(io.cucumber.testng.PickleWrapper,io.cucumber.testng.FeatureWrapper)[pri:0, instance:runner.RunCukeTest@27f981c6]" name="runScenario" class="io.cucumber.testng.AbstractTestNGCucumberTests"/>
      </group> <!-- cucumber -->
    </groups>
    <test started-at="2021-04-07T21:53:55 IST" name="Regression Tests" finished-at="2021-04-07T21:53:55 IST" duration-ms="228">
      <class name="runner.RunCukeTest">
        <test-method is-config="true" signature="setUpClass()[pri:0, instance:runner.RunCukeTest@27f981c6]" started-at="2021-04-07T21:53:55 IST" name="setUpClass" finished-at="2021-04-07T21:53:55 IST" duration-ms="187" status="PASS">
          <reporter-output>
          </reporter-output>
        </test-method> <!-- setUpClass -->
        <test-method is-config="true" signature="tearDownClass()[pri:0, instance:runner.RunCukeTest@27f981c6]" started-at="2021-04-07T21:53:55 IST" name="tearDownClass" finished-at="2021-04-07T21:53:55 IST" duration-ms="11" status="PASS">
          <reporter-output>
          </reporter-output>
        </test-method> <!-- tearDownClass -->
      </class> <!-- runner.RunCukeTest -->
    </test> <!-- Regression Tests -->
  </suite> <!-- Test Suite -->
</testng-results>
